2023-08-04 16:52:06 +0000  Initial pipeline context: <IDEDistributionProcessingPipelineContext: 0x40e849220; archive(resolved)="<IDEArchive: 0x60001f800060>", distributionTask(resolved)="2", distributionDestination(resolved)="1", distributionMethod(resolved)="<IDEDistributionMethodDevelopmentSigned: 0x60003108eaa0>", team(resolved)="<IDEProvisioningDisambiguatableBasicTeam: 0x600000b7f480; teamID='2W7AC6T8T5', teamName='FUTO Holdings, Inc.', teamType='Company', username='cvwright@futo.org', isFreeProvisioningTeam='0'>">
	Chain (14, self inclusive):
	<IDEDistributionProcessingPipelineContext: 0x40e849220; archive = "<IDEArchive: 0x60001f800060>", distributionMethod="<IDEDistributionMethodDevelopmentSigned: 0x60003108eaa0>", team="<IDEProvisioningDisambiguatableBasicTeam: 0x600000b7f480; teamID='2W7AC6T8T5', teamName='FUTO Holdings, Inc.', teamType='Company', username='cvwright@futo.org', isFreeProvisioningTeam='0'>">
	<IDEDistributionProcessingPipelineContext: 0x40e89c020; archive = "<IDEArchive: 0x60001f800060>", distributionMethod="<IDEDistributionMethodDevelopmentSigned: 0x60003108eaa0>", team="<IDEProvisioningDisambiguatableBasicTeam: 0x600000b7f480; teamID='2W7AC6T8T5', teamName='FUTO Holdings, Inc.', teamType='Company', username='cvwright@futo.org', isFreeProvisioningTeam='0'>">
	<IDEDistributionContext: 0x40f667da0; archive = "<IDEArchive: 0x60001f800060>", distributionMethod="<IDEDistributionMethodDevelopmentSigned: 0x60003108eaa0>", team="<IDEProvisioningDisambiguatableBasicTeam: 0x600000b7f480; teamID='2W7AC6T8T5', teamName='FUTO Holdings, Inc.', teamType='Company', username='cvwright@futo.org', isFreeProvisioningTeam='0'>">
	<IDEDistributionContext: 0x2d5d7e010; archive = "<IDEArchive: 0x60001f800060>", distributionMethod="<IDEDistributionMethodDevelopmentSigned: 0x60003108eaa0>", team="<IDEProvisioningDisambiguatableBasicTeam: 0x600000b7f480; teamID='2W7AC6T8T5', teamName='FUTO Holdings, Inc.', teamType='Company', username='cvwright@futo.org', isFreeProvisioningTeam='0'>">
	<IDEDistributionContext: 0x40f664030; archive = "<IDEArchive: 0x60001f800060>", distributionMethod="<IDEDistributionMethodDevelopmentSigned: 0x60003108eaa0>", team="<IDEProvisioningDisambiguatableBasicTeam: 0x600000b7f480; teamID='2W7AC6T8T5', teamName='FUTO Holdings, Inc.', teamType='Company', username='cvwright@futo.org', isFreeProvisioningTeam='0'>">
	<IDEDistributionContext: 0x40f4c60e0; archive = "<IDEArchive: 0x60001f800060>", distributionMethod="<IDEDistributionMethodDevelopmentSigned: 0x60003108eaa0>", team="<IDEProvisioningDisambiguatableBasicTeam: 0x600000b7f480; teamID='2W7AC6T8T5', teamName='FUTO Holdings, Inc.', teamType='Company', username='cvwright@futo.org', isFreeProvisioningTeam='0'>">
	<IDEDistributionContext: 0x2d5da1210; archive = "<IDEArchive: 0x60001f800060>", distributionMethod="<IDEDistributionMethodDevelopmentSigned: 0x60003108eaa0>", team="<IDEProvisioningDisambiguatableBasicTeam: 0x600000b7f480; teamID='2W7AC6T8T5', teamName='FUTO Holdings, Inc.', teamType='Company', username='cvwright@futo.org', isFreeProvisioningTeam='0'>">
	<IDEDistributionContext: 0x40f67eb70; archive = "<IDEArchive: 0x60001f800060>", distributionMethod="<IDEDistributionMethodDevelopmentSigned: 0x60003108eaa0>", team="<IDEProvisioningDisambiguatableBasicTeam: 0x600000b7f480; teamID='2W7AC6T8T5', teamName='FUTO Holdings, Inc.', teamType='Company', username='cvwright@futo.org', isFreeProvisioningTeam='0'>">
	<IDEDistributionContext: 0x4267fa740; archive = "<IDEArchive: 0x60001f800060>", distributionMethod="<IDEDistributionMethodDevelopmentSigned: 0x60003108eaa0>", team="<IDEProvisioningDisambiguatableBasicTeam: 0x600000b7f480; teamID='2W7AC6T8T5', teamName='FUTO Holdings, Inc.', teamType='Company', username='cvwright@futo.org', isFreeProvisioningTeam='0'>">
	<IDEDistributionContext: 0x4100c4a30; archive = "<IDEArchive: 0x60001f800060>", distributionMethod="<IDEDistributionMethodDevelopmentSigned: 0x60003108eaa0>", team="(null)">
	<IDEDistributionContext: 0x41b29c6e0; archive = "<IDEArchive: 0x60001f800060>", distributionMethod="<IDEDistributionMethodDevelopmentSigned: 0x60003108eaa0>", team="(null)">
	<IDEDistributionContext: 0x40e109e70; archive = "<IDEArchive: 0x60001f800060>", distributionMethod="<IDEDistributionMethodDevelopmentSigned: 0x60003108eaa0>", team="(null)">
	<IDEDistributionContext: 0x4100ec980; archive = "<IDEArchive: 0x60001f800060>", distributionMethod="<IDEDistributionMethodDevelopmentSigned: 0x60003108eaa0>", team="(null)">
	<IDEDistributionContext: 0x426767630; archive = "<IDEArchive: 0x60001f800060>", distributionMethod="(null)", team="(null)">
</IDEDistributionProcessingPipelineContext: 0x40e849220>
2023-08-04 16:52:06 +0000  Processing step: IDEDistributionCreateDestRootStep
2023-08-04 16:52:06 +0000  Processing step: IDEDistributionCopyItemStep
2023-08-04 16:52:06 +0000  Running /usr/bin/ditto '-V' '/Users/cvwright/Library/Developer/Xcode/Archives/2023-08-04/Circles 8-4-23, 11.47 AM.xcarchive/Products/Applications/Circles.app' '/var/folders/yc/d5zl99cx4nvg71dlfql7s26r0000gn/T/XcodeDistPipeline.~~~JVeHEV/Root/Payload/Circles.app'
2023-08-04 16:52:06 +0000  >>> Copying /Users/cvwright/Library/Developer/Xcode/Archives/2023-08-04/Circles 8-4-23, 11.47 AM.xcarchive/Products/Applications/Circles.app 
2023-08-04 16:52:06 +0000  copying file ./_CodeSignature/CodeResources ... 
2023-08-04 16:52:06 +0000  26457 bytes for ./_CodeSignature/CodeResources
2023-08-04 16:52:06 +0000  copying file ./KeyboardKit_KeyboardKit.bundle/de.lproj/Localizable.strings ... 
2023-08-04 16:52:06 +0000  564 bytes for ./KeyboardKit_KeyboardKit.bundle/de.lproj/Localizable.strings
2023-08-04 16:52:06 +0000  copying file ./KeyboardKit_KeyboardKit.bundle/ar.lproj/Localizable.strings ... 
2023-08-04 16:52:06 +0000  606 bytes for ./KeyboardKit_KeyboardKit.bundle/ar.lproj/Localizable.strings
2023-08-04 16:52:06 +0000  copying file ./KeyboardKit_KeyboardKit.bundle/el.lproj/Localizable.strings ... 
2023-08-04 16:52:06 +0000  583 bytes for ./KeyboardKit_KeyboardKit.bundle/el.lproj/Localizable.strings
2023-08-04 16:52:06 +0000  copying file ./KeyboardKit_KeyboardKit.bundle/fa.lproj/Localizable.strings ... 
2023-08-04 16:52:06 +0000  597 bytes for ./KeyboardKit_KeyboardKit.bundle/fa.lproj/Localizable.strings
2023-08-04 16:52:06 +0000  copying file ./KeyboardKit_KeyboardKit.bundle/mk.lproj/Localizable.strings ... 
2023-08-04 16:52:06 +0000  596 bytes for ./KeyboardKit_KeyboardKit.bundle/mk.lproj/Localizable.strings
2023-08-04 16:52:06 +0000  copying file ./KeyboardKit_KeyboardKit.bundle/sq.lproj/Localizable.strings ... 
2023-08-04 16:52:06 +0000  564 bytes for ./KeyboardKit_KeyboardKit.bundle/sq.lproj/Localizable.strings
2023-08-04 16:52:06 +0000  copying file ./KeyboardKit_KeyboardKit.bundle/en.lproj/Localizable.strings ... 
2023-08-04 16:52:06 +0000  104684 bytes for ./KeyboardKit_KeyboardKit.bundle/en.lproj/Localizable.strings
2023-08-04 16:52:06 +0000  copying file ./KeyboardKit_KeyboardKit.bundle/uk.lproj/Localizable.strings ... 
2023-08-04 16:52:06 +0000  599 bytes for ./KeyboardKit_KeyboardKit.bundle/uk.lproj/Localizable.strings
2023-08-04 16:52:06 +0000  copying file ./KeyboardKit_KeyboardKit.bundle/mt.lproj/Localizable.strings ... 
2023-08-04 16:52:06 +0000  552 bytes for ./KeyboardKit_KeyboardKit.bundle/mt.lproj/Localizable.strings
2023-08-04 16:52:06 +0000  copying file ./KeyboardKit_KeyboardKit.bundle/nb.lproj/Localizable.strings ... 
2023-08-04 16:52:06 +0000  556 bytes for ./KeyboardKit_KeyboardKit.bundle/nb.lproj/Localizable.strings
2023-08-04 16:52:06 +0000  copying file ./KeyboardKit_KeyboardKit.bundle/es.lproj/Localizable.strings ... 
2023-08-04 16:52:06 +0000  558 bytes for ./KeyboardKit_KeyboardKit.bundle/es.lproj/Localizable.strings
2023-08-04 16:52:06 +0000  copying file ./KeyboardKit_KeyboardKit.bundle/sw.lproj/Localizable.strings ... 
2023-08-04 16:52:06 +0000  563 bytes for ./KeyboardKit_KeyboardKit.bundle/sw.lproj/Localizable.strings
2023-08-04 16:52:06 +0000  copying file ./KeyboardKit_KeyboardKit.bundle/is.lproj/Localizable.strings ... 
2023-08-04 16:52:06 +0000  554 bytes for ./KeyboardKit_KeyboardKit.bundle/is.lproj/Localizable.strings
2023-08-04 16:52:06 +0000  copying file ./KeyboardKit_KeyboardKit.bundle/sl.lproj/Localizable.strings ... 
2023-08-04 16:52:06 +0000  564 bytes for ./KeyboardKit_KeyboardKit.bundle/sl.lproj/Localizable.strings
2023-08-04 16:52:06 +0000  copying file ./KeyboardKit_KeyboardKit.bundle/pt_BR.lproj/Localizable.strings ... 
2023-08-04 16:52:06 +0000  566 bytes for ./KeyboardKit_KeyboardKit.bundle/pt_BR.lproj/Localizable.strings
2023-08-04 16:52:06 +0000  copying file ./KeyboardKit_KeyboardKit.bundle/da.lproj/Localizable.strings ... 
2023-08-04 16:52:06 +0000  554 bytes for ./KeyboardKit_KeyboardKit.bundle/da.lproj/Localizable.strings
2023-08-04 16:52:06 +0000  copying file ./KeyboardKit_KeyboardKit.bundle/et.lproj/Localizable.strings ... 
2023-08-04 16:52:06 +0000  559 bytes for ./KeyboardKit_KeyboardKit.bundle/et.lproj/Localizable.strings
2023-08-04 16:52:06 +0000  copying file ./KeyboardKit_KeyboardKit.bundle/it.lproj/Localizable.strings ... 
2023-08-04 16:52:06 +0000  554 bytes for ./KeyboardKit_KeyboardKit.bundle/it.lproj/Localizable.strings
2023-08-04 16:52:06 +0000  copying file ./KeyboardKit_KeyboardKit.bundle/bg.lproj/Localizable.strings ... 
2023-08-04 16:52:06 +0000  597 bytes for ./KeyboardKit_KeyboardKit.bundle/bg.lproj/Localizable.strings
2023-08-04 16:52:06 +0000  copying file ./KeyboardKit_KeyboardKit.bundle/sk.lproj/Localizable.strings ... 
2023-08-04 16:52:06 +0000  568 bytes for ./KeyboardKit_KeyboardKit.bundle/sk.lproj/Localizable.strings
2023-08-04 16:52:06 +0000  copying file ./KeyboardKit_KeyboardKit.bundle/sr-Latn.lproj/Localizable.strings ... 
2023-08-04 16:52:06 +0000  567 bytes for ./KeyboardKit_KeyboardKit.bundle/sr-Latn.lproj/Localizable.strings
2023-08-04 16:52:06 +0000  copying file ./KeyboardKit_KeyboardKit.bundle/kk.lproj/Localizable.strings ... 
2023-08-04 16:52:06 +0000  436 bytes for ./KeyboardKit_KeyboardKit.bundle/kk.lproj/Localizable.strings
2023-08-04 16:52:06 +0000  copying file ./KeyboardKit_KeyboardKit.bundle/pt_PT.lproj/Localizable.strings ... 
2023-08-04 16:52:06 +0000  559 bytes for ./KeyboardKit_KeyboardKit.bundle/pt_PT.lproj/Localizable.strings
2023-08-04 16:52:06 +0000  copying file ./KeyboardKit_KeyboardKit.bundle/sr.lproj/Localizable.strings ... 
2023-08-04 16:52:06 +0000  589 bytes for ./KeyboardKit_KeyboardKit.bundle/sr.lproj/Localizable.strings
2023-08-04 16:52:06 +0000  copying file ./KeyboardKit_KeyboardKit.bundle/ms.lproj/Localizable.strings ... 
2023-08-04 16:52:06 +0000  555 bytes for ./KeyboardKit_KeyboardKit.bundle/ms.lproj/Localizable.strings
2023-08-04 16:52:06 +0000  copying file ./KeyboardKit_KeyboardKit.bundle/be.lproj/Localizable.strings ... 
2023-08-04 16:52:06 +0000  587 bytes for ./KeyboardKit_KeyboardKit.bundle/be.lproj/Localizable.strings
2023-08-04 16:52:06 +0000  copying file ./KeyboardKit_KeyboardKit.bundle/ckb.lproj/Localizable.strings ... 
2023-08-04 16:52:06 +0000  615 bytes for ./KeyboardKit_KeyboardKit.bundle/ckb.lproj/Localizable.strings
2023-08-04 16:52:06 +0000  copying file ./KeyboardKit_KeyboardKit.bundle/sv.lproj/Localizable.strings ... 
2023-08-04 16:52:06 +0000  617 bytes for ./KeyboardKit_KeyboardKit.bundle/sv.lproj/Localizable.strings
2023-08-04 16:52:06 +0000  copying file ./KeyboardKit_KeyboardKit.bundle/cs.lproj/Localizable.strings ... 
2023-08-04 16:52:06 +0000  566 bytes for ./KeyboardKit_KeyboardKit.bundle/cs.lproj/Localizable.strings
2023-08-04 16:52:06 +0000  copying file ./KeyboardKit_KeyboardKit.bundle/he_IL.lproj/Localizable.strings ... 
2023-08-04 16:52:06 +0000  605 bytes for ./KeyboardKit_KeyboardKit.bundle/he_IL.lproj/Localizable.strings
2023-08-04 16:52:06 +0000  copying file ./KeyboardKit_KeyboardKit.bundle/fil.lproj/Localizable.strings ... 
2023-08-04 16:52:06 +0000  566 bytes for ./KeyboardKit_KeyboardKit.bundle/fil.lproj/Localizable.strings
2023-08-04 16:52:06 +0000  copying file ./KeyboardKit_KeyboardKit.bundle/hy.lproj/Localizable.strings ... 
2023-08-04 16:52:06 +0000  656 bytes for ./KeyboardKit_KeyboardKit.bundle/hy.lproj/Localizable.strings
2023-08-04 16:52:06 +0000  copying file ./KeyboardKit_KeyboardKit.bundle/chr.lproj/Localizable.strings ... 
2023-08-04 16:52:06 +0000  607 bytes for ./KeyboardKit_KeyboardKit.bundle/chr.lproj/Localizable.strings
2023-08-04 16:52:06 +0000  copying file ./KeyboardKit_KeyboardKit.bundle/mn.lproj/Localizable.strings ... 
2023-08-04 16:52:06 +0000  575 bytes for ./KeyboardKit_KeyboardKit.bundle/mn.lproj/Localizable.strings
2023-08-04 16:52:06 +0000  copying file ./KeyboardKit_KeyboardKit.bundle/hu.lproj/Localizable.strings ... 
2023-08-04 16:52:06 +0000  564 bytes for ./KeyboardKit_KeyboardKit.bundle/hu.lproj/Localizable.strings
2023-08-04 16:52:06 +0000  copying file ./KeyboardKit_KeyboardKit.bundle/ka.lproj/Localizable.strings ... 
2023-08-04 16:52:06 +0000  621 bytes for ./KeyboardKit_KeyboardKit.bundle/ka.lproj/Localizable.strings
2023-08-04 16:52:06 +0000  copying file ./KeyboardKit_KeyboardKit.bundle/haw.lproj/Localizable.strings ... 
2023-08-04 16:52:06 +0000  563 bytes for ./KeyboardKit_KeyboardKit.bundle/haw.lproj/Localizable.strings
2023-08-04 16:52:06 +0000  copying file ./KeyboardKit_KeyboardKit.bundle/Assets.car ... 
2023-08-04 16:52:06 +0000  156432 bytes for ./KeyboardKit_KeyboardKit.bundle/Assets.car
2023-08-04 16:52:06 +0000  copying file ./KeyboardKit_KeyboardKit.bundle/tr.lproj/Localizable.strings ... 
2023-08-04 16:52:06 +0000  553 bytes for ./KeyboardKit_KeyboardKit.bundle/tr.lproj/Localizable.strings
2023-08-04 16:52:06 +0000  copying file ./KeyboardKit_KeyboardKit.bundle/pl.lproj/Localizable.strings ... 
2023-08-04 16:52:06 +0000  559 bytes for ./KeyboardKit_KeyboardKit.bundle/pl.lproj/Localizable.strings
2023-08-04 16:52:06 +0000  copying file ./KeyboardKit_KeyboardKit.bundle/ga_IE.lproj/Localizable.strings ... 
2023-08-04 16:52:06 +0000  567 bytes for ./KeyboardKit_KeyboardKit.bundle/ga_IE.lproj/Localizable.strings
2023-08-04 16:52:06 +0000  copying file ./KeyboardKit_KeyboardKit.bundle/lv.lproj/Localizable.strings ... 
2023-08-04 16:52:06 +0000  564 bytes for ./KeyboardKit_KeyboardKit.bundle/lv.lproj/Localizable.strings
2023-08-04 16:52:06 +0000  copying file ./KeyboardKit_KeyboardKit.bundle/lt.lproj/Localizable.strings ... 
2023-08-04 16:52:06 +0000  562 bytes for ./KeyboardKit_KeyboardKit.bundle/lt.lproj/Localizable.strings
2023-08-04 16:52:06 +0000  copying file ./KeyboardKit_KeyboardKit.bundle/ru.lproj/Localizable.strings ... 
2023-08-04 16:52:06 +0000  642 bytes for ./KeyboardKit_KeyboardKit.bundle/ru.lproj/Localizable.strings
2023-08-04 16:52:06 +0000  copying file ./KeyboardKit_KeyboardKit.bundle/uz.lproj/Localizable.strings ... 
2023-08-04 16:52:06 +0000  568 bytes for ./KeyboardKit_KeyboardKit.bundle/uz.lproj/Localizable.strings
2023-08-04 16:52:06 +0000  copying file ./KeyboardKit_KeyboardKit.bundle/fr.lproj/Localizable.strings ... 
2023-08-04 16:52:06 +0000  575 bytes for ./KeyboardKit_KeyboardKit.bundle/fr.lproj/Localizable.strings
2023-08-04 16:52:06 +0000  copying file ./KeyboardKit_KeyboardKit.bundle/fi.lproj/Localizable.strings ... 
2023-08-04 16:52:06 +0000  561 bytes for ./KeyboardKit_KeyboardKit.bundle/fi.lproj/Localizable.strings
2023-08-04 16:52:06 +0000  copying file ./KeyboardKit_KeyboardKit.bundle/id.lproj/Localizable.strings ... 
2023-08-04 16:52:06 +0000  558 bytes for ./KeyboardKit_KeyboardKit.bundle/id.lproj/Localizable.strings
2023-08-04 16:52:06 +0000  copying file ./KeyboardKit_KeyboardKit.bundle/nl.lproj/Localizable.strings ... 
2023-08-04 16:52:06 +0000  555 bytes for ./KeyboardKit_KeyboardKit.bundle/nl.lproj/Localizable.strings
2023-08-04 16:52:06 +0000  copying file ./KeyboardKit_KeyboardKit.bundle/Emojis.md ... 
2023-08-04 16:52:06 +0000  78679 bytes for ./KeyboardKit_KeyboardKit.bundle/Emojis.md
2023-08-04 16:52:06 +0000  copying file ./KeyboardKit_KeyboardKit.bundle/ro.lproj/Localizable.strings ... 
2023-08-04 16:52:06 +0000  556 bytes for ./KeyboardKit_KeyboardKit.bundle/ro.lproj/Localizable.strings
2023-08-04 16:52:06 +0000  copying file ./KeyboardKit_KeyboardKit.bundle/fo.lproj/Localizable.strings ... 
2023-08-04 16:52:06 +0000  561 bytes for ./KeyboardKit_KeyboardKit.bundle/fo.lproj/Localizable.strings
2023-08-04 16:52:06 +0000  copying file ./KeyboardKit_KeyboardKit.bundle/Info.plist ... 
2023-08-04 16:52:06 +0000  692 bytes for ./KeyboardKit_KeyboardKit.bundle/Info.plist
2023-08-04 16:52:06 +0000  copying file ./KeyboardKit_KeyboardKit.bundle/hr.lproj/Localizable.strings ... 
2023-08-04 16:52:06 +0000  555 bytes for ./KeyboardKit_KeyboardKit.bundle/hr.lproj/Localizable.strings
2023-08-04 16:52:06 +0000  copying file ./KeyboardKit_KeyboardKit.bundle/ca.lproj/Localizable.strings ... 
2023-08-04 16:52:06 +0000  555 bytes for ./KeyboardKit_KeyboardKit.bundle/ca.lproj/Localizable.strings
2023-08-04 16:52:06 +0000  copying file ./adjacency_graphs.json ... 
2023-08-04 16:52:06 +0000  9705 bytes for ./adjacency_graphs.json
2023-08-04 16:52:06 +0000  copying file ./Circles ... 
2023-08-04 16:52:06 +0000  23308320 bytes for ./Circles
2023-08-04 16:52:06 +0000  copying file ./AppIcon60x60@2x.png ... 
9971 bytes for ./AppIcon60x60@2x.png
copying file ./TPInAppReceipt_TPInAppReceipt.bundle/StoreKitTestCertificate.cer ... 
888 bytes for ./TPInAppReceipt_TPInAppReceipt.bundle/StoreKitTestCertificate.cer
copying file ./TPInAppReceipt_TPInAppReceipt.bundle/AppleIncRootCertificate.cer ... 
2023-08-04 16:52:06 +0000  1215 bytes for ./TPInAppReceipt_TPInAppReceipt.bundle/AppleIncRootCertificate.cer
copying file ./TPInAppReceipt_TPInAppReceipt.bundle/Info.plist ... 
2023-08-04 16:52:06 +0000  704 bytes for ./TPInAppReceipt_TPInAppReceipt.bundle/Info.plist
2023-08-04 16:52:06 +0000  copying file ./frequency_lists.json ... 
2023-08-04 16:52:06 +0000  934221 bytes for ./frequency_lists.json
2023-08-04 16:52:06 +0000  copying file ./Assets.car ... 
2023-08-04 16:52:06 +0000  1334655 bytes for ./Assets.car
2023-08-04 16:52:06 +0000  copying file ./AppIcon76x76@2x~ipad.png ... 
2023-08-04 16:52:06 +0000  13334 bytes for ./AppIcon76x76@2x~ipad.png
2023-08-04 16:52:06 +0000  copying file ./embedded.mobileprovision ... 
2023-08-04 16:52:06 +0000  19169 bytes for ./embedded.mobileprovision
2023-08-04 16:52:06 +0000  copying file ./Info.plist ... 
2023-08-04 16:52:06 +0000  1876 bytes for ./Info.plist
2023-08-04 16:52:06 +0000  copying file ./PkgInfo ... 
2023-08-04 16:52:06 +0000  8 bytes for ./PkgInfo
2023-08-04 16:52:06 +0000  /usr/bin/ditto exited with 0
2023-08-04 16:52:06 +0000  Processing step: IDEDistributionEmbedProfileStep
2023-08-04 16:52:06 +0000  Processing step: IDEDistributionInfoPlistStep
2023-08-04 16:52:06 +0000  Skipping step: IDEDistributionInfoPlistStep because it said so
2023-08-04 16:52:06 +0000  Processing step: IDEDistributionAppThinningPlistStep
2023-08-04 16:52:06 +0000  Skipping step: IDEDistributionAppThinningPlistStep because it said so
2023-08-04 16:52:06 +0000  Processing step: IDEDistributionCompileBitcodeStep
2023-08-04 16:52:06 +0000  Skipping step: IDEDistributionCompileBitcodeStep because it said so
2023-08-04 16:52:06 +0000  Processing step: IDEDistributionCodeSlimmingStep
2023-08-04 16:52:06 +0000  Processing step: IDEDistributionCopyBCSymbolMapsStep
2023-08-04 16:52:06 +0000  Skipping step: IDEDistributionCopyBCSymbolMapsStep because it said so
2023-08-04 16:52:06 +0000  Processing step: IDEDistributionSymbolsStep
2023-08-04 16:52:06 +0000  Skipping step: IDEDistributionSymbolsStep because it said so
2023-08-04 16:52:06 +0000  Processing step: IDEDistributionAppThinningStep
2023-08-04 16:52:06 +0000  Skipping step: IDEDistributionAppThinningStep because it said so
2023-08-04 16:52:06 +0000  Processing step: IDEDistributionArchThinningStep
2023-08-04 16:52:06 +0000  Running /Applications/Xcode.app/Contents/Developer/Toolchains/XcodeDefault.xctoolchain/usr/bin/lipo '/var/folders/yc/d5zl99cx4nvg71dlfql7s26r0000gn/T/XcodeDistPipeline.~~~JVeHEV/Root/Payload/Circles.app/Circles' '-verify_arch' 'arm64e'
2023-08-04 16:52:06 +0000  /Applications/Xcode.app/Contents/Developer/Toolchains/XcodeDefault.xctoolchain/usr/bin/lipo exited with 1
2023-08-04 16:52:06 +0000  Skipping architecture thinning for item "Circles" because arch "arm64e" wasn't found
2023-08-04 16:52:06 +0000  Processing step: IDEDistributionODRStep
2023-08-04 16:52:06 +0000  Processing step: IDEDistributionStripXattrsStep
2023-08-04 16:52:06 +0000  Running /usr/bin/xattr '-crs' '/var/folders/yc/d5zl99cx4nvg71dlfql7s26r0000gn/T/XcodeDistPipeline.~~~JVeHEV/Root/Payload/Circles.app'
2023-08-04 16:52:06 +0000  /usr/bin/xattr exited with 0
2023-08-04 16:52:06 +0000  Processing step: IDEDistributionCodesignStep
2023-08-04 16:52:06 +0000  Entitlements for <IDEDistributionItem: 0x60001f832640; bundleID='org.futo.circles', path='<DVTFilePath:0x60001b99c310:'/Users/cvwright/Library/Developer/Xcode/Archives/2023-08-04/Circles 8-4-23, 11.47 AM.xcarchive/Products/Applications/Circles.app'>', codeSigningInfo='<_DVTCodeSigningInformation_Path: 0x60007b2232a0; isSigned='1', isAdHocSigned='0', signingCertificate='<DVTSigningCertificate: 0x60000a5c3de0; name='Apple Development: Charles Wright (8U6YU6DF64)', hash='E04548C243B68DEB0FEFF7A3DF80E4B9251BCD8D', serialNumber='52558D248BA2B123A185CD98A1EED6D6', certificateKinds='(
    "1.2.840.113635.100.6.1.12",
    "1.2.840.113635.100.6.1.2"
), issueDate='2023-08-03 19:47:51 +0000''>', entitlements='{
    "application-identifier" = "2W7AC6T8T5.org.futo.circles";
    "aps-environment" = development;
    "com.apple.developer.associated-domains" =     (
        "webcredentials:circu.li",
        "webcredentials:example.com",
        "webcredentials:us.circles-dev.net",
        "webcredentials:nl.circles-dev.net"
    );
    "com.apple.developer.team-identifier" = 2W7AC6T8T5;
    "get-task-allow" = 1;
    "keychain-access-groups" =     (
        "2W7AC6T8T5.org.futo.circles",
        "2W7AC6T8T5.org.futo.photos"
    );
}', teamID='2W7AC6T8T5', identifier='org.futo.circles', executablePath='<DVTFilePath:0x60001f817d80:'/Users/cvwright/Library/Developer/Xcode/Archives/2023-08-04/Circles 8-4-23, 11.47 AM.xcarchive/Products/Applications/Circles.app/Circles'>', hardenedRuntime='0'>'>: {
    "application-identifier" = "2W7AC6T8T5.org.futo.circles";
    "aps-environment" = development;
    "com.apple.developer.associated-domains" =     (
        "webcredentials:circu.li",
        "webcredentials:example.com",
        "webcredentials:us.circles-dev.net",
        "webcredentials:nl.circles-dev.net"
    );
    "com.apple.developer.team-identifier" = 2W7AC6T8T5;
    "get-task-allow" = 1;
    "keychain-access-groups" =     (
        "2W7AC6T8T5.org.futo.circles",
        "2W7AC6T8T5.org.futo.photos"
    );
}
2023-08-04 16:52:06 +0000  Entitlements for <IDEDistributionItem: 0x60001f832640; bundleID='org.futo.circles', path='<DVTFilePath:0x60001b99c310:'/Users/cvwright/Library/Developer/Xcode/Archives/2023-08-04/Circles 8-4-23, 11.47 AM.xcarchive/Products/Applications/Circles.app'>', codeSigningInfo='<_DVTCodeSigningInformation_Path: 0x60007b2232a0; isSigned='1', isAdHocSigned='0', signingCertificate='<DVTSigningCertificate: 0x60000a5da890; name='Apple Development: Charles Wright (8U6YU6DF64)', hash='E04548C243B68DEB0FEFF7A3DF80E4B9251BCD8D', serialNumber='52558D248BA2B123A185CD98A1EED6D6', certificateKinds='(
    "1.2.840.113635.100.6.1.12",
    "1.2.840.113635.100.6.1.2"
), issueDate='2023-08-03 19:47:51 +0000''>', entitlements='{
    "application-identifier" = "2W7AC6T8T5.org.futo.circles";
    "aps-environment" = development;
    "com.apple.developer.associated-domains" =     (
        "webcredentials:circu.li",
        "webcredentials:example.com",
        "webcredentials:us.circles-dev.net",
        "webcredentials:nl.circles-dev.net"
    );
    "com.apple.developer.team-identifier" = 2W7AC6T8T5;
    "get-task-allow" = 1;
    "keychain-access-groups" =     (
        "2W7AC6T8T5.org.futo.circles",
        "2W7AC6T8T5.org.futo.photos"
    );
}', teamID='2W7AC6T8T5', identifier='org.futo.circles', executablePath='<DVTFilePath:0x60001f817d80:'/Users/cvwright/Library/Developer/Xcode/Archives/2023-08-04/Circles 8-4-23, 11.47 AM.xcarchive/Products/Applications/Circles.app/Circles'>', hardenedRuntime='0'>'> are: {
    "application-identifier" = "2W7AC6T8T5.org.futo.circles";
    "aps-environment" = development;
    "com.apple.developer.associated-domains" =     (
        "webcredentials:circu.li",
        "webcredentials:example.com",
        "webcredentials:us.circles-dev.net",
        "webcredentials:nl.circles-dev.net"
    );
    "com.apple.developer.team-identifier" = 2W7AC6T8T5;
    "get-task-allow" = 1;
    "keychain-access-groups" =     (
        "2W7AC6T8T5.org.futo.circles",
        "2W7AC6T8T5.org.futo.photos"
    );
}
2023-08-04 16:52:06 +0000  Writing entitlements for <IDEDistributionItem: 0x60001f832640; bundleID='org.futo.circles', path='<DVTFilePath:0x60001b99c310:'/Users/cvwright/Library/Developer/Xcode/Archives/2023-08-04/Circles 8-4-23, 11.47 AM.xcarchive/Products/Applications/Circles.app'>', codeSigningInfo='<_DVTCodeSigningInformation_Path: 0x60007b2232a0; isSigned='1', isAdHocSigned='0', signingCertificate='<DVTSigningCertificate: 0x60000a5aef70; name='Apple Development: Charles Wright (8U6YU6DF64)', hash='E04548C243B68DEB0FEFF7A3DF80E4B9251BCD8D', serialNumber='52558D248BA2B123A185CD98A1EED6D6', certificateKinds='(
    "1.2.840.113635.100.6.1.12",
    "1.2.840.113635.100.6.1.2"
), issueDate='2023-08-03 19:47:51 +0000''>', entitlements='{
    "application-identifier" = "2W7AC6T8T5.org.futo.circles";
    "aps-environment" = development;
    "com.apple.developer.associated-domains" =     (
        "webcredentials:circu.li",
        "webcredentials:example.com",
        "webcredentials:us.circles-dev.net",
        "webcredentials:nl.circles-dev.net"
    );
    "com.apple.developer.team-identifier" = 2W7AC6T8T5;
    "get-task-allow" = 1;
    "keychain-access-groups" =     (
        "2W7AC6T8T5.org.futo.circles",
        "2W7AC6T8T5.org.futo.photos"
    );
}', teamID='2W7AC6T8T5', identifier='org.futo.circles', executablePath='<DVTFilePath:0x60001f817d80:'/Users/cvwright/Library/Developer/Xcode/Archives/2023-08-04/Circles 8-4-23, 11.47 AM.xcarchive/Products/Applications/Circles.app/Circles'>', hardenedRuntime='0'>'> to: /var/folders/yc/d5zl99cx4nvg71dlfql7s26r0000gn/T/XcodeDistPipeline.~~~JVeHEV/entitlements~~~VkG3sa
2023-08-04 16:52:06 +0000  Running /usr/bin/codesign '-vvv' '--force' '--sign' 'E04548C243B68DEB0FEFF7A3DF80E4B9251BCD8D' '--entitlements' '/var/folders/yc/d5zl99cx4nvg71dlfql7s26r0000gn/T/XcodeDistPipeline.~~~JVeHEV/entitlements~~~VkG3sa' '--generate-entitlement-der' '--preserve-metadata=identifier,flags,runtime' '/var/folders/yc/d5zl99cx4nvg71dlfql7s26r0000gn/T/XcodeDistPipeline.~~~JVeHEV/Root/Payload/Circles.app'
2023-08-04 16:52:06 +0000  /var/folders/yc/d5zl99cx4nvg71dlfql7s26r0000gn/T/XcodeDistPipeline.~~~JVeHEV/Root/Payload/Circles.app: replacing existing signature
2023-08-04 16:52:06 +0000  /var/folders/yc/d5zl99cx4nvg71dlfql7s26r0000gn/T/XcodeDistPipeline.~~~JVeHEV/Root/Payload/Circles.app: signed app bundle with Mach-O thin (arm64) [org.futo.circles]
2023-08-04 16:52:06 +0000  /usr/bin/codesign exited with 0
2023-08-04 16:52:06 +0000  Processing step: IDEDistributionZipODRItemStep
2023-08-04 16:52:06 +0000  Skipping step: IDEDistributionZipODRItemStep because it said so
2023-08-04 16:52:06 +0000  Processing step: IDEDistributionCreateIPAStep
2023-08-04 16:52:06 +0000  Running /usr/bin/ditto '-V' '-c' '-k' '--norsrc' '/var/folders/yc/d5zl99cx4nvg71dlfql7s26r0000gn/T/XcodeDistPipeline.~~~JVeHEV/Root' '/var/folders/yc/d5zl99cx4nvg71dlfql7s26r0000gn/T/XcodeDistPipeline.~~~JVeHEV/Packages/Circles.ipa'
2023-08-04 16:52:06 +0000  >>> Copying /var/folders/yc/d5zl99cx4nvg71dlfql7s26r0000gn/T/XcodeDistPipeline.~~~JVeHEV/Root 
2023-08-04 16:52:06 +0000  copying file ./Payload/Circles.app/_CodeSignature/CodeResources ... 
2023-08-04 16:52:06 +0000  26457 bytes for ./Payload/Circles.app/_CodeSignature/CodeResources
2023-08-04 16:52:06 +0000  copying file ./Payload/Circles.app/KeyboardKit_KeyboardKit.bundle/de.lproj/Localizable.strings ... 
2023-08-04 16:52:06 +0000  564 bytes for ./Payload/Circles.app/KeyboardKit_KeyboardKit.bundle/de.lproj/Localizable.strings
2023-08-04 16:52:06 +0000  copying file ./Payload/Circles.app/KeyboardKit_KeyboardKit.bundle/ar.lproj/Localizable.strings ... 
2023-08-04 16:52:06 +0000  606 bytes for ./Payload/Circles.app/KeyboardKit_KeyboardKit.bundle/ar.lproj/Localizable.strings
2023-08-04 16:52:06 +0000  copying file ./Payload/Circles.app/KeyboardKit_KeyboardKit.bundle/el.lproj/Localizable.strings ... 
2023-08-04 16:52:06 +0000  583 bytes for ./Payload/Circles.app/KeyboardKit_KeyboardKit.bundle/el.lproj/Localizable.strings
2023-08-04 16:52:06 +0000  copying file ./Payload/Circles.app/KeyboardKit_KeyboardKit.bundle/fa.lproj/Localizable.strings ... 
2023-08-04 16:52:06 +0000  597 bytes for ./Payload/Circles.app/KeyboardKit_KeyboardKit.bundle/fa.lproj/Localizable.strings
2023-08-04 16:52:06 +0000  copying file ./Payload/Circles.app/KeyboardKit_KeyboardKit.bundle/mk.lproj/Localizable.strings ... 
2023-08-04 16:52:06 +0000  596 bytes for ./Payload/Circles.app/KeyboardKit_KeyboardKit.bundle/mk.lproj/Localizable.strings
2023-08-04 16:52:06 +0000  copying file ./Payload/Circles.app/KeyboardKit_KeyboardKit.bundle/sq.lproj/Localizable.strings ... 
2023-08-04 16:52:06 +0000  564 bytes for ./Payload/Circles.app/KeyboardKit_KeyboardKit.bundle/sq.lproj/Localizable.strings
2023-08-04 16:52:06 +0000  copying file ./Payload/Circles.app/KeyboardKit_KeyboardKit.bundle/en.lproj/Localizable.strings ... 
2023-08-04 16:52:06 +0000  104684 bytes for ./Payload/Circles.app/KeyboardKit_KeyboardKit.bundle/en.lproj/Localizable.strings
2023-08-04 16:52:06 +0000  copying file ./Payload/Circles.app/KeyboardKit_KeyboardKit.bundle/uk.lproj/Localizable.strings ... 
2023-08-04 16:52:06 +0000  599 bytes for ./Payload/Circles.app/KeyboardKit_KeyboardKit.bundle/uk.lproj/Localizable.strings
2023-08-04 16:52:06 +0000  copying file ./Payload/Circles.app/KeyboardKit_KeyboardKit.bundle/mt.lproj/Localizable.strings ... 
2023-08-04 16:52:06 +0000  552 bytes for ./Payload/Circles.app/KeyboardKit_KeyboardKit.bundle/mt.lproj/Localizable.strings
2023-08-04 16:52:06 +0000  copying file ./Payload/Circles.app/KeyboardKit_KeyboardKit.bundle/nb.lproj/Localizable.strings ... 
2023-08-04 16:52:06 +0000  556 bytes for ./Payload/Circles.app/KeyboardKit_KeyboardKit.bundle/nb.lproj/Localizable.strings
2023-08-04 16:52:06 +0000  copying file ./Payload/Circles.app/KeyboardKit_KeyboardKit.bundle/es.lproj/Localizable.strings ... 
2023-08-04 16:52:06 +0000  558 bytes for ./Payload/Circles.app/KeyboardKit_KeyboardKit.bundle/es.lproj/Localizable.strings
2023-08-04 16:52:06 +0000  copying file ./Payload/Circles.app/KeyboardKit_KeyboardKit.bundle/sw.lproj/Localizable.strings ... 
2023-08-04 16:52:06 +0000  563 bytes for ./Payload/Circles.app/KeyboardKit_KeyboardKit.bundle/sw.lproj/Localizable.strings
2023-08-04 16:52:06 +0000  copying file ./Payload/Circles.app/KeyboardKit_KeyboardKit.bundle/is.lproj/Localizable.strings ... 
2023-08-04 16:52:06 +0000  554 bytes for ./Payload/Circles.app/KeyboardKit_KeyboardKit.bundle/is.lproj/Localizable.strings
2023-08-04 16:52:06 +0000  copying file ./Payload/Circles.app/KeyboardKit_KeyboardKit.bundle/sl.lproj/Localizable.strings ... 
2023-08-04 16:52:06 +0000  564 bytes for ./Payload/Circles.app/KeyboardKit_KeyboardKit.bundle/sl.lproj/Localizable.strings
2023-08-04 16:52:06 +0000  copying file ./Payload/Circles.app/KeyboardKit_KeyboardKit.bundle/pt_BR.lproj/Localizable.strings ... 
2023-08-04 16:52:06 +0000  566 bytes for ./Payload/Circles.app/KeyboardKit_KeyboardKit.bundle/pt_BR.lproj/Localizable.strings
2023-08-04 16:52:06 +0000  copying file ./Payload/Circles.app/KeyboardKit_KeyboardKit.bundle/da.lproj/Localizable.strings ... 
2023-08-04 16:52:06 +0000  554 bytes for ./Payload/Circles.app/KeyboardKit_KeyboardKit.bundle/da.lproj/Localizable.strings
2023-08-04 16:52:06 +0000  copying file ./Payload/Circles.app/KeyboardKit_KeyboardKit.bundle/et.lproj/Localizable.strings ... 
2023-08-04 16:52:06 +0000  559 bytes for ./Payload/Circles.app/KeyboardKit_KeyboardKit.bundle/et.lproj/Localizable.strings
2023-08-04 16:52:06 +0000  copying file ./Payload/Circles.app/KeyboardKit_KeyboardKit.bundle/it.lproj/Localizable.strings ... 
2023-08-04 16:52:06 +0000  554 bytes for ./Payload/Circles.app/KeyboardKit_KeyboardKit.bundle/it.lproj/Localizable.strings
2023-08-04 16:52:06 +0000  copying file ./Payload/Circles.app/KeyboardKit_KeyboardKit.bundle/bg.lproj/Localizable.strings ... 
2023-08-04 16:52:06 +0000  597 bytes for ./Payload/Circles.app/KeyboardKit_KeyboardKit.bundle/bg.lproj/Localizable.strings
2023-08-04 16:52:06 +0000  copying file ./Payload/Circles.app/KeyboardKit_KeyboardKit.bundle/sk.lproj/Localizable.strings ... 
2023-08-04 16:52:06 +0000  568 bytes for ./Payload/Circles.app/KeyboardKit_KeyboardKit.bundle/sk.lproj/Localizable.strings
2023-08-04 16:52:06 +0000  copying file ./Payload/Circles.app/KeyboardKit_KeyboardKit.bundle/sr-Latn.lproj/Localizable.strings ... 
2023-08-04 16:52:06 +0000  567 bytes for ./Payload/Circles.app/KeyboardKit_KeyboardKit.bundle/sr-Latn.lproj/Localizable.strings
2023-08-04 16:52:06 +0000  copying file ./Payload/Circles.app/KeyboardKit_KeyboardKit.bundle/kk.lproj/Localizable.strings ... 
2023-08-04 16:52:06 +0000  436 bytes for ./Payload/Circles.app/KeyboardKit_KeyboardKit.bundle/kk.lproj/Localizable.strings
2023-08-04 16:52:06 +0000  copying file ./Payload/Circles.app/KeyboardKit_KeyboardKit.bundle/pt_PT.lproj/Localizable.strings ... 
2023-08-04 16:52:06 +0000  559 bytes for ./Payload/Circles.app/KeyboardKit_KeyboardKit.bundle/pt_PT.lproj/Localizable.strings
2023-08-04 16:52:06 +0000  copying file ./Payload/Circles.app/KeyboardKit_KeyboardKit.bundle/sr.lproj/Localizable.strings ... 
2023-08-04 16:52:06 +0000  589 bytes for ./Payload/Circles.app/KeyboardKit_KeyboardKit.bundle/sr.lproj/Localizable.strings
2023-08-04 16:52:06 +0000  copying file ./Payload/Circles.app/KeyboardKit_KeyboardKit.bundle/ms.lproj/Localizable.strings ... 
2023-08-04 16:52:06 +0000  555 bytes for ./Payload/Circles.app/KeyboardKit_KeyboardKit.bundle/ms.lproj/Localizable.strings
2023-08-04 16:52:06 +0000  copying file ./Payload/Circles.app/KeyboardKit_KeyboardKit.bundle/be.lproj/Localizable.strings ... 
2023-08-04 16:52:06 +0000  587 bytes for ./Payload/Circles.app/KeyboardKit_KeyboardKit.bundle/be.lproj/Localizable.strings
2023-08-04 16:52:06 +0000  copying file ./Payload/Circles.app/KeyboardKit_KeyboardKit.bundle/ckb.lproj/Localizable.strings ... 
2023-08-04 16:52:06 +0000  615 bytes for ./Payload/Circles.app/KeyboardKit_KeyboardKit.bundle/ckb.lproj/Localizable.strings
2023-08-04 16:52:06 +0000  copying file ./Payload/Circles.app/KeyboardKit_KeyboardKit.bundle/sv.lproj/Localizable.strings ... 
2023-08-04 16:52:06 +0000  617 bytes for ./Payload/Circles.app/KeyboardKit_KeyboardKit.bundle/sv.lproj/Localizable.strings
2023-08-04 16:52:06 +0000  copying file ./Payload/Circles.app/KeyboardKit_KeyboardKit.bundle/cs.lproj/Localizable.strings ... 
2023-08-04 16:52:06 +0000  566 bytes for ./Payload/Circles.app/KeyboardKit_KeyboardKit.bundle/cs.lproj/Localizable.strings
2023-08-04 16:52:06 +0000  copying file ./Payload/Circles.app/KeyboardKit_KeyboardKit.bundle/he_IL.lproj/Localizable.strings ... 
2023-08-04 16:52:06 +0000  605 bytes for ./Payload/Circles.app/KeyboardKit_KeyboardKit.bundle/he_IL.lproj/Localizable.strings
2023-08-04 16:52:06 +0000  copying file ./Payload/Circles.app/KeyboardKit_KeyboardKit.bundle/fil.lproj/Localizable.strings ... 
2023-08-04 16:52:06 +0000  566 bytes for ./Payload/Circles.app/KeyboardKit_KeyboardKit.bundle/fil.lproj/Localizable.strings
2023-08-04 16:52:06 +0000  copying file ./Payload/Circles.app/KeyboardKit_KeyboardKit.bundle/hy.lproj/Localizable.strings ... 
2023-08-04 16:52:06 +0000  656 bytes for ./Payload/Circles.app/KeyboardKit_KeyboardKit.bundle/hy.lproj/Localizable.strings
2023-08-04 16:52:06 +0000  copying file ./Payload/Circles.app/KeyboardKit_KeyboardKit.bundle/chr.lproj/Localizable.strings ... 
2023-08-04 16:52:06 +0000  607 bytes for ./Payload/Circles.app/KeyboardKit_KeyboardKit.bundle/chr.lproj/Localizable.strings
2023-08-04 16:52:06 +0000  copying file ./Payload/Circles.app/KeyboardKit_KeyboardKit.bundle/mn.lproj/Localizable.strings ... 
2023-08-04 16:52:06 +0000  575 bytes for ./Payload/Circles.app/KeyboardKit_KeyboardKit.bundle/mn.lproj/Localizable.strings
2023-08-04 16:52:06 +0000  copying file ./Payload/Circles.app/KeyboardKit_KeyboardKit.bundle/hu.lproj/Localizable.strings ... 
2023-08-04 16:52:06 +0000  564 bytes for ./Payload/Circles.app/KeyboardKit_KeyboardKit.bundle/hu.lproj/Localizable.strings
2023-08-04 16:52:06 +0000  copying file ./Payload/Circles.app/KeyboardKit_KeyboardKit.bundle/ka.lproj/Localizable.strings ... 
2023-08-04 16:52:06 +0000  621 bytes for ./Payload/Circles.app/KeyboardKit_KeyboardKit.bundle/ka.lproj/Localizable.strings
2023-08-04 16:52:06 +0000  copying file ./Payload/Circles.app/KeyboardKit_KeyboardKit.bundle/haw.lproj/Localizable.strings ... 
2023-08-04 16:52:06 +0000  563 bytes for ./Payload/Circles.app/KeyboardKit_KeyboardKit.bundle/haw.lproj/Localizable.strings
copying file ./Payload/Circles.app/KeyboardKit_KeyboardKit.bundle/Assets.car ... 
2023-08-04 16:52:06 +0000  156432 bytes for ./Payload/Circles.app/KeyboardKit_KeyboardKit.bundle/Assets.car
2023-08-04 16:52:06 +0000  copying file ./Payload/Circles.app/KeyboardKit_KeyboardKit.bundle/tr.lproj/Localizable.strings ... 
2023-08-04 16:52:06 +0000  553 bytes for ./Payload/Circles.app/KeyboardKit_KeyboardKit.bundle/tr.lproj/Localizable.strings
2023-08-04 16:52:06 +0000  copying file ./Payload/Circles.app/KeyboardKit_KeyboardKit.bundle/pl.lproj/Localizable.strings ... 
2023-08-04 16:52:06 +0000  559 bytes for ./Payload/Circles.app/KeyboardKit_KeyboardKit.bundle/pl.lproj/Localizable.strings
2023-08-04 16:52:06 +0000  copying file ./Payload/Circles.app/KeyboardKit_KeyboardKit.bundle/ga_IE.lproj/Localizable.strings ... 
2023-08-04 16:52:06 +0000  567 bytes for ./Payload/Circles.app/KeyboardKit_KeyboardKit.bundle/ga_IE.lproj/Localizable.strings
2023-08-04 16:52:06 +0000  copying file ./Payload/Circles.app/KeyboardKit_KeyboardKit.bundle/lv.lproj/Localizable.strings ... 
2023-08-04 16:52:06 +0000  564 bytes for ./Payload/Circles.app/KeyboardKit_KeyboardKit.bundle/lv.lproj/Localizable.strings
2023-08-04 16:52:06 +0000  copying file ./Payload/Circles.app/KeyboardKit_KeyboardKit.bundle/lt.lproj/Localizable.strings ... 
2023-08-04 16:52:06 +0000  562 bytes for ./Payload/Circles.app/KeyboardKit_KeyboardKit.bundle/lt.lproj/Localizable.strings
2023-08-04 16:52:06 +0000  copying file ./Payload/Circles.app/KeyboardKit_KeyboardKit.bundle/ru.lproj/Localizable.strings ... 
2023-08-04 16:52:06 +0000  642 bytes for ./Payload/Circles.app/KeyboardKit_KeyboardKit.bundle/ru.lproj/Localizable.strings
2023-08-04 16:52:06 +0000  copying file ./Payload/Circles.app/KeyboardKit_KeyboardKit.bundle/uz.lproj/Localizable.strings ... 
2023-08-04 16:52:06 +0000  568 bytes for ./Payload/Circles.app/KeyboardKit_KeyboardKit.bundle/uz.lproj/Localizable.strings
2023-08-04 16:52:06 +0000  copying file ./Payload/Circles.app/KeyboardKit_KeyboardKit.bundle/fr.lproj/Localizable.strings ... 
2023-08-04 16:52:06 +0000  575 bytes for ./Payload/Circles.app/KeyboardKit_KeyboardKit.bundle/fr.lproj/Localizable.strings
2023-08-04 16:52:06 +0000  copying file ./Payload/Circles.app/KeyboardKit_KeyboardKit.bundle/fi.lproj/Localizable.strings ... 
2023-08-04 16:52:06 +0000  561 bytes for ./Payload/Circles.app/KeyboardKit_KeyboardKit.bundle/fi.lproj/Localizable.strings
2023-08-04 16:52:06 +0000  copying file ./Payload/Circles.app/KeyboardKit_KeyboardKit.bundle/id.lproj/Localizable.strings ... 
2023-08-04 16:52:06 +0000  558 bytes for ./Payload/Circles.app/KeyboardKit_KeyboardKit.bundle/id.lproj/Localizable.strings
2023-08-04 16:52:06 +0000  copying file ./Payload/Circles.app/KeyboardKit_KeyboardKit.bundle/nl.lproj/Localizable.strings ... 
2023-08-04 16:52:06 +0000  555 bytes for ./Payload/Circles.app/KeyboardKit_KeyboardKit.bundle/nl.lproj/Localizable.strings
2023-08-04 16:52:06 +0000  copying file ./Payload/Circles.app/KeyboardKit_KeyboardKit.bundle/Emojis.md ... 
2023-08-04 16:52:06 +0000  78679 bytes for ./Payload/Circles.app/KeyboardKit_KeyboardKit.bundle/Emojis.md
2023-08-04 16:52:06 +0000  copying file ./Payload/Circles.app/KeyboardKit_KeyboardKit.bundle/ro.lproj/Localizable.strings ... 
2023-08-04 16:52:06 +0000  556 bytes for ./Payload/Circles.app/KeyboardKit_KeyboardKit.bundle/ro.lproj/Localizable.strings
2023-08-04 16:52:06 +0000  copying file ./Payload/Circles.app/KeyboardKit_KeyboardKit.bundle/fo.lproj/Localizable.strings ... 
2023-08-04 16:52:06 +0000  561 bytes for ./Payload/Circles.app/KeyboardKit_KeyboardKit.bundle/fo.lproj/Localizable.strings
copying file ./Payload/Circles.app/KeyboardKit_KeyboardKit.bundle/Info.plist ... 
2023-08-04 16:52:06 +0000  692 bytes for ./Payload/Circles.app/KeyboardKit_KeyboardKit.bundle/Info.plist
2023-08-04 16:52:06 +0000  copying file ./Payload/Circles.app/KeyboardKit_KeyboardKit.bundle/hr.lproj/Localizable.strings ... 
2023-08-04 16:52:06 +0000  555 bytes for ./Payload/Circles.app/KeyboardKit_KeyboardKit.bundle/hr.lproj/Localizable.strings
2023-08-04 16:52:06 +0000  copying file ./Payload/Circles.app/KeyboardKit_KeyboardKit.bundle/ca.lproj/Localizable.strings ... 
2023-08-04 16:52:06 +0000  555 bytes for ./Payload/Circles.app/KeyboardKit_KeyboardKit.bundle/ca.lproj/Localizable.strings
2023-08-04 16:52:06 +0000  copying file ./Payload/Circles.app/adjacency_graphs.json ... 
2023-08-04 16:52:06 +0000  9705 bytes for ./Payload/Circles.app/adjacency_graphs.json
2023-08-04 16:52:06 +0000  copying file ./Payload/Circles.app/Circles ... 
2023-08-04 16:52:07 +0000  23308320 bytes for ./Payload/Circles.app/Circles
copying file ./Payload/Circles.app/AppIcon60x60@2x.png ... 
2023-08-04 16:52:07 +0000  9971 bytes for ./Payload/Circles.app/AppIcon60x60@2x.png
copying file ./Payload/Circles.app/TPInAppReceipt_TPInAppReceipt.bundle/StoreKitTestCertificate.cer ... 
2023-08-04 16:52:07 +0000  888 bytes for ./Payload/Circles.app/TPInAppReceipt_TPInAppReceipt.bundle/StoreKitTestCertificate.cer
2023-08-04 16:52:07 +0000  copying file ./Payload/Circles.app/TPInAppReceipt_TPInAppReceipt.bundle/AppleIncRootCertificate.cer ... 
1215 bytes for ./Payload/Circles.app/TPInAppReceipt_TPInAppReceipt.bundle/AppleIncRootCertificate.cer
2023-08-04 16:52:07 +0000  copying file ./Payload/Circles.app/TPInAppReceipt_TPInAppReceipt.bundle/Info.plist ... 
704 bytes for ./Payload/Circles.app/TPInAppReceipt_TPInAppReceipt.bundle/Info.plist
copying file ./Payload/Circles.app/frequency_lists.json ... 
2023-08-04 16:52:07 +0000  934221 bytes for ./Payload/Circles.app/frequency_lists.json
copying file ./Payload/Circles.app/Assets.car ... 
2023-08-04 16:52:07 +0000  1334655 bytes for ./Payload/Circles.app/Assets.car
copying file ./Payload/Circles.app/AppIcon76x76@2x~ipad.png ... 
2023-08-04 16:52:07 +0000  13334 bytes for ./Payload/Circles.app/AppIcon76x76@2x~ipad.png
copying file ./Payload/Circles.app/embedded.mobileprovision ... 
2023-08-04 16:52:07 +0000  19169 bytes for ./Payload/Circles.app/embedded.mobileprovision
copying file ./Payload/Circles.app/Info.plist ... 
2023-08-04 16:52:07 +0000  1876 bytes for ./Payload/Circles.app/Info.plist
copying file ./Payload/Circles.app/PkgInfo ... 
2023-08-04 16:52:07 +0000  8 bytes for ./Payload/Circles.app/PkgInfo
2023-08-04 16:52:07 +0000  /usr/bin/ditto exited with 0
2023-08-04 16:52:07 +0000  Processing step: IDEDistributionAppStoreInformationStep
2023-08-04 16:52:07 +0000  Skipping step: IDEDistributionAppStoreInformationStep because it said so
2023-08-04 16:52:07 +0000  Processing step: IDEDistributionGenerateProcessedDistributionItems
2023-08-04 16:52:07 +0000  IDEDistributionItem init <DVTFilePath:0x60001b9f7330:'/var/folders/yc/d5zl99cx4nvg71dlfql7s26r0000gn/T/XcodeDistPipeline.~~~JVeHEV/Root/Payload/Circles.app'>
2023-08-04 16:52:07 +0000  Processing step: IDEDistributionCreateManifestStep
